G:\STEP_MATERIALS\C++_PROJECTS\HOMEWORKS\DEBUG\MATRIX.EXE
G:\STEP_MATERIALS\C++_PROJECTS\HOMEWORKS\DEBUG\MATRIX.ILK
G:\STEP_MATERIALS\C++_PROJECTS\HOMEWORKS\DEBUG\MATRIX.PDB
G:\STEP_Materials\C++_Projects\Homeworks\Matrix\Debug\cl.command.1.tlog
G:\STEP_Materials\C++_Projects\Homeworks\Matrix\Debug\CL.read.1.tlog
G:\STEP_Materials\C++_Projects\Homeworks\Matrix\Debug\CL.write.1.tlog
G:\STEP_Materials\C++_Projects\Homeworks\Matrix\Debug\link.7404.read.1.tlog
G:\STEP_Materials\C++_Projects\Homeworks\Matrix\Debug\link.7404.write.1.tlog
G:\STEP_Materials\C++_Projects\Homeworks\Matrix\Debug\link.7404-cvtres.read.1.tlog
G:\STEP_Materials\C++_Projects\Homeworks\Matrix\Debug\link.7404-cvtres.write.1.tlog
G:\STEP_Materials\C++_Projects\Homeworks\Matrix\Debug\link.command.1.tlog
G:\STEP_Materials\C++_Projects\Homeworks\Matrix\Debug\link.read.1.tlog
G:\STEP_Materials\C++_Projects\Homeworks\Matrix\Debug\link.write.1.tlog
G:\STEP_Materials\C++_Projects\Homeworks\Matrix\Debug\link-cvtres.read.1.tlog
G:\STEP_Materials\C++_Projects\Homeworks\Matrix\Debug\link-cvtres.write.1.tlog
G:\STEP_MATERIALS\C++_PROJECTS\HOMEWORKS\MATRIX\DEBUG\MAIN.OBJ
G:\STEP_MATERIALS\C++_PROJECTS\HOMEWORKS\MATRIX\DEBUG\MATRIX.EXE.EMBED.MANIFEST
G:\STEP_MATERIALS\C++_PROJECTS\HOMEWORKS\MATRIX\DEBUG\MATRIX.EXE.EMBED.MANIFEST.RES
G:\STEP_MATERIALS\C++_PROJECTS\HOMEWORKS\MATRIX\DEBUG\MATRIX.EXE.INTERMEDIATE.MANIFEST
G:\STEP_MATERIALS\C++_PROJECTS\HOMEWORKS\MATRIX\DEBUG\MATRIX.OBJ
G:\STEP_Materials\C++_Projects\Homeworks\Matrix\Debug\Matrix_manifest.rc
G:\STEP_Materials\C++_Projects\Homeworks\Matrix\Debug\mt.command.1.tlog
G:\STEP_Materials\C++_Projects\Homeworks\Matrix\Debug\mt.read.1.tlog
G:\STEP_Materials\C++_Projects\Homeworks\Matrix\Debug\mt.write.1.tlog
G:\STEP_Materials\C++_Projects\Homeworks\Matrix\Debug\rc.command.1.tlog
G:\STEP_Materials\C++_Projects\Homeworks\Matrix\Debug\rc.read.1.tlog
G:\STEP_Materials\C++_Projects\Homeworks\Matrix\Debug\rc.write.1.tlog
G:\STEP_Materials\C++_Projects\Homeworks\Matrix\Debug\vc100.idb
G:\STEP_MATERIALS\C++_PROJECTS\HOMEWORKS\MATRIX\DEBUG\VC100.PDB
