D:\DOCUMENTS\VISUAL STUDIO 2010\PROJECTS\TEXTVIEWER\DEBUG\TEXTVIEWER.EXE
D:\DOCUMENTS\VISUAL STUDIO 2010\PROJECTS\TEXTVIEWER\DEBUG\TEXTVIEWER.ILK
D:\DOCUMENTS\VISUAL STUDIO 2010\PROJECTS\TEXTVIEWER\DEBUG\TEXTVIEWER.PDB
d:\documents\visual studio 2010\Projects\TextViewer\TextViewer\Debug\cl.command.1.tlog
d:\documents\visual studio 2010\Projects\TextViewer\TextViewer\Debug\CL.read.1.tlog
d:\documents\visual studio 2010\Projects\TextViewer\TextViewer\Debug\CL.write.1.tlog
D:\DOCUMENTS\VISUAL STUDIO 2010\PROJECTS\TEXTVIEWER\TEXTVIEWER\DEBUG\KDOCUMENT.OBJ
D:\DOCUMENTS\VISUAL STUDIO 2010\PROJECTS\TEXTVIEWER\TEXTVIEWER\DEBUG\KWND.OBJ
d:\documents\visual studio 2010\Projects\TextViewer\TextViewer\Debug\link.3296.read.1.tlog
d:\documents\visual studio 2010\Projects\TextViewer\TextViewer\Debug\link.3296.write.1.tlog
d:\documents\visual studio 2010\Projects\TextViewer\TextViewer\Debug\link.3296-cvtres.read.1.tlog
d:\documents\visual studio 2010\Projects\TextViewer\TextViewer\Debug\link.3296-cvtres.write.1.tlog
d:\documents\visual studio 2010\Projects\TextViewer\TextViewer\Debug\link.command.1.tlog
d:\documents\visual studio 2010\Projects\TextViewer\TextViewer\Debug\link.read.1.tlog
d:\documents\visual studio 2010\Projects\TextViewer\TextViewer\Debug\link.write.1.tlog
d:\documents\visual studio 2010\Projects\TextViewer\TextViewer\Debug\link-cvtres.read.1.tlog
d:\documents\visual studio 2010\Projects\TextViewer\TextViewer\Debug\link-cvtres.write.1.tlog
d:\documents\visual studio 2010\Projects\TextViewer\TextViewer\Debug\mt.command.1.tlog
d:\documents\visual studio 2010\Projects\TextViewer\TextViewer\Debug\mt.read.1.tlog
d:\documents\visual studio 2010\Projects\TextViewer\TextViewer\Debug\mt.write.1.tlog
d:\documents\visual studio 2010\Projects\TextViewer\TextViewer\Debug\rc.command.1.tlog
d:\documents\visual studio 2010\Projects\TextViewer\TextViewer\Debug\rc.read.1.tlog
d:\documents\visual studio 2010\Projects\TextViewer\TextViewer\Debug\rc.write.1.tlog
D:\DOCUMENTS\VISUAL STUDIO 2010\PROJECTS\TEXTVIEWER\TEXTVIEWER\DEBUG\TEXTVIEWER.EXE.EMBED.MANIFEST
D:\DOCUMENTS\VISUAL STUDIO 2010\PROJECTS\TEXTVIEWER\TEXTVIEWER\DEBUG\TEXTVIEWER.EXE.EMBED.MANIFEST.RES
D:\DOCUMENTS\VISUAL STUDIO 2010\PROJECTS\TEXTVIEWER\TEXTVIEWER\DEBUG\TEXTVIEWER.EXE.INTERMEDIATE.MANIFEST
D:\DOCUMENTS\VISUAL STUDIO 2010\PROJECTS\TEXTVIEWER\TEXTVIEWER\DEBUG\TEXTVIEWER.OBJ
d:\documents\visual studio 2010\Projects\TextViewer\TextViewer\Debug\TextViewer_manifest.rc
d:\documents\visual studio 2010\Projects\TextViewer\TextViewer\Debug\vc100.idb
D:\DOCUMENTS\VISUAL STUDIO 2010\PROJECTS\TEXTVIEWER\TEXTVIEWER\DEBUG\VC100.PDB
