G:\STEP_MATERIALS\C++_PROJECTS\HOMEWORKS\DEBUG\LLTEMPLATE.EXE
G:\STEP_MATERIALS\C++_PROJECTS\HOMEWORKS\DEBUG\LLTEMPLATE.ILK
G:\STEP_MATERIALS\C++_PROJECTS\HOMEWORKS\DEBUG\LLTEMPLATE.PDB
G:\STEP_Materials\C++_Projects\Homeworks\LLTemplate\Debug\cl.command.1.tlog
G:\STEP_Materials\C++_Projects\Homeworks\LLTemplate\Debug\CL.read.1.tlog
G:\STEP_Materials\C++_Projects\Homeworks\LLTemplate\Debug\CL.write.1.tlog
G:\STEP_Materials\C++_Projects\Homeworks\LLTemplate\Debug\link.7092.read.1.tlog
G:\STEP_Materials\C++_Projects\Homeworks\LLTemplate\Debug\link.7092.write.1.tlog
G:\STEP_Materials\C++_Projects\Homeworks\LLTemplate\Debug\link.7092-cvtres.read.1.tlog
G:\STEP_Materials\C++_Projects\Homeworks\LLTemplate\Debug\link.7092-cvtres.write.1.tlog
G:\STEP_Materials\C++_Projects\Homeworks\LLTemplate\Debug\link.command.1.tlog
G:\STEP_Materials\C++_Projects\Homeworks\LLTemplate\Debug\link.read.1.tlog
G:\STEP_Materials\C++_Projects\Homeworks\LLTemplate\Debug\link.write.1.tlog
G:\STEP_Materials\C++_Projects\Homeworks\LLTemplate\Debug\link-cvtres.read.1.tlog
G:\STEP_Materials\C++_Projects\Homeworks\LLTemplate\Debug\link-cvtres.write.1.tlog
G:\STEP_MATERIALS\C++_PROJECTS\HOMEWORKS\LLTEMPLATE\DEBUG\LLTEMPLATE.EXE.EMBED.MANIFEST
G:\STEP_MATERIALS\C++_PROJECTS\HOMEWORKS\LLTEMPLATE\DEBUG\LLTEMPLATE.EXE.EMBED.MANIFEST.RES
G:\STEP_MATERIALS\C++_PROJECTS\HOMEWORKS\LLTEMPLATE\DEBUG\LLTEMPLATE.EXE.INTERMEDIATE.MANIFEST
G:\STEP_Materials\C++_Projects\Homeworks\LLTemplate\Debug\LLTemplate_manifest.rc
G:\STEP_MATERIALS\C++_PROJECTS\HOMEWORKS\LLTEMPLATE\DEBUG\MAIN.OBJ
G:\STEP_Materials\C++_Projects\Homeworks\LLTemplate\Debug\mt.command.1.tlog
G:\STEP_Materials\C++_Projects\Homeworks\LLTemplate\Debug\mt.read.1.tlog
G:\STEP_Materials\C++_Projects\Homeworks\LLTemplate\Debug\mt.write.1.tlog
G:\STEP_Materials\C++_Projects\Homeworks\LLTemplate\Debug\rc.command.1.tlog
G:\STEP_Materials\C++_Projects\Homeworks\LLTemplate\Debug\rc.read.1.tlog
G:\STEP_Materials\C++_Projects\Homeworks\LLTemplate\Debug\rc.write.1.tlog
G:\STEP_Materials\C++_Projects\Homeworks\LLTemplate\Debug\vc100.idb
G:\STEP_MATERIALS\C++_PROJECTS\HOMEWORKS\LLTEMPLATE\DEBUG\VC100.PDB
