G:\STEP_Materials\C++_Projects\Homeworks\Conteiners\Debug\cl.command.1.tlog
G:\STEP_Materials\C++_Projects\Homeworks\Conteiners\Debug\CL.read.1.tlog
G:\STEP_Materials\C++_Projects\Homeworks\Conteiners\Debug\CL.write.1.tlog
G:\STEP_MATERIALS\C++_PROJECTS\HOMEWORKS\CONTEINERS\DEBUG\CONTEINERS.EXE.EMBED.MANIFEST
G:\STEP_MATERIALS\C++_PROJECTS\HOMEWORKS\CONTEINERS\DEBUG\CONTEINERS.EXE.EMBED.MANIFEST.RES
G:\STEP_MATERIALS\C++_PROJECTS\HOMEWORKS\CONTEINERS\DEBUG\CONTEINERS.EXE.INTERMEDIATE.MANIFEST
G:\STEP_Materials\C++_Projects\Homeworks\Conteiners\Debug\Conteiners_manifest.rc
G:\STEP_Materials\C++_Projects\Homeworks\Conteiners\Debug\link.3540.read.1.tlog
G:\STEP_Materials\C++_Projects\Homeworks\Conteiners\Debug\link.3540.write.1.tlog
G:\STEP_Materials\C++_Projects\Homeworks\Conteiners\Debug\link.3540-cvtres.read.1.tlog
G:\STEP_Materials\C++_Projects\Homeworks\Conteiners\Debug\link.3540-cvtres.write.1.tlog
G:\STEP_Materials\C++_Projects\Homeworks\Conteiners\Debug\link.command.1.tlog
G:\STEP_Materials\C++_Projects\Homeworks\Conteiners\Debug\link.read.1.tlog
G:\STEP_Materials\C++_Projects\Homeworks\Conteiners\Debug\link.write.1.tlog
G:\STEP_Materials\C++_Projects\Homeworks\Conteiners\Debug\link-cvtres.read.1.tlog
G:\STEP_Materials\C++_Projects\Homeworks\Conteiners\Debug\link-cvtres.write.1.tlog
G:\STEP_MATERIALS\C++_PROJECTS\HOMEWORKS\CONTEINERS\DEBUG\MAIN.OBJ
G:\STEP_Materials\C++_Projects\Homeworks\Conteiners\Debug\mt.command.1.tlog
G:\STEP_Materials\C++_Projects\Homeworks\Conteiners\Debug\mt.read.1.tlog
G:\STEP_Materials\C++_Projects\Homeworks\Conteiners\Debug\mt.write.1.tlog
G:\STEP_Materials\C++_Projects\Homeworks\Conteiners\Debug\rc.command.1.tlog
G:\STEP_Materials\C++_Projects\Homeworks\Conteiners\Debug\rc.read.1.tlog
G:\STEP_Materials\C++_Projects\Homeworks\Conteiners\Debug\rc.write.1.tlog
G:\STEP_Materials\C++_Projects\Homeworks\Conteiners\Debug\vc100.idb
G:\STEP_MATERIALS\C++_PROJECTS\HOMEWORKS\CONTEINERS\DEBUG\VC100.PDB
G:\STEP_MATERIALS\C++_PROJECTS\HOMEWORKS\DEBUG\CONTEINERS.EXE
G:\STEP_MATERIALS\C++_PROJECTS\HOMEWORKS\DEBUG\CONTEINERS.ILK
G:\STEP_MATERIALS\C++_PROJECTS\HOMEWORKS\DEBUG\CONTEINERS.PDB
