G:\STEP_MATERIALS\C++_PROJECTS\HOMEWORKS\DEBUG\MATRIXTEMPLATE.EXE
G:\STEP_MATERIALS\C++_PROJECTS\HOMEWORKS\DEBUG\MATRIXTEMPLATE.ILK
G:\STEP_MATERIALS\C++_PROJECTS\HOMEWORKS\DEBUG\MATRIXTEMPLATE.PDB
G:\STEP_Materials\C++_Projects\Homeworks\MatrixTemplate\Debug\cl.command.1.tlog
G:\STEP_Materials\C++_Projects\Homeworks\MatrixTemplate\Debug\CL.read.1.tlog
G:\STEP_Materials\C++_Projects\Homeworks\MatrixTemplate\Debug\CL.write.1.tlog
G:\STEP_Materials\C++_Projects\Homeworks\MatrixTemplate\Debug\link.5156.read.1.tlog
G:\STEP_Materials\C++_Projects\Homeworks\MatrixTemplate\Debug\link.5156.write.1.tlog
G:\STEP_Materials\C++_Projects\Homeworks\MatrixTemplate\Debug\link.5156-cvtres.read.1.tlog
G:\STEP_Materials\C++_Projects\Homeworks\MatrixTemplate\Debug\link.5156-cvtres.write.1.tlog
G:\STEP_Materials\C++_Projects\Homeworks\MatrixTemplate\Debug\link.command.1.tlog
G:\STEP_Materials\C++_Projects\Homeworks\MatrixTemplate\Debug\link.read.1.tlog
G:\STEP_Materials\C++_Projects\Homeworks\MatrixTemplate\Debug\link.write.1.tlog
G:\STEP_Materials\C++_Projects\Homeworks\MatrixTemplate\Debug\link-cvtres.read.1.tlog
G:\STEP_Materials\C++_Projects\Homeworks\MatrixTemplate\Debug\link-cvtres.write.1.tlog
G:\STEP_MATERIALS\C++_PROJECTS\HOMEWORKS\MATRIXTEMPLATE\DEBUG\MAIN.OBJ
G:\STEP_MATERIALS\C++_PROJECTS\HOMEWORKS\MATRIXTEMPLATE\DEBUG\MATRIXTEMPLATE.EXE.EMBED.MANIFEST
G:\STEP_MATERIALS\C++_PROJECTS\HOMEWORKS\MATRIXTEMPLATE\DEBUG\MATRIXTEMPLATE.EXE.EMBED.MANIFEST.RES
G:\STEP_MATERIALS\C++_PROJECTS\HOMEWORKS\MATRIXTEMPLATE\DEBUG\MATRIXTEMPLATE.EXE.INTERMEDIATE.MANIFEST
G:\STEP_Materials\C++_Projects\Homeworks\MatrixTemplate\Debug\MatrixTemplate_manifest.rc
G:\STEP_Materials\C++_Projects\Homeworks\MatrixTemplate\Debug\mt.command.1.tlog
G:\STEP_Materials\C++_Projects\Homeworks\MatrixTemplate\Debug\mt.read.1.tlog
G:\STEP_Materials\C++_Projects\Homeworks\MatrixTemplate\Debug\mt.write.1.tlog
G:\STEP_Materials\C++_Projects\Homeworks\MatrixTemplate\Debug\rc.command.1.tlog
G:\STEP_Materials\C++_Projects\Homeworks\MatrixTemplate\Debug\rc.read.1.tlog
G:\STEP_Materials\C++_Projects\Homeworks\MatrixTemplate\Debug\rc.write.1.tlog
G:\STEP_Materials\C++_Projects\Homeworks\MatrixTemplate\Debug\vc100.idb
G:\STEP_MATERIALS\C++_PROJECTS\HOMEWORKS\MATRIXTEMPLATE\DEBUG\VC100.PDB
