G:\STEP_MATERIALS\C++_PROJECTS\HOMEWORKS\DEBUG\MYTIME.EXE
G:\STEP_MATERIALS\C++_PROJECTS\HOMEWORKS\DEBUG\MYTIME.ILK
G:\STEP_MATERIALS\C++_PROJECTS\HOMEWORKS\DEBUG\MYTIME.PDB
G:\STEP_Materials\C++_Projects\Homeworks\MyTime\Debug\cl.command.1.tlog
G:\STEP_Materials\C++_Projects\Homeworks\MyTime\Debug\CL.read.1.tlog
G:\STEP_Materials\C++_Projects\Homeworks\MyTime\Debug\CL.write.1.tlog
G:\STEP_Materials\C++_Projects\Homeworks\MyTime\Debug\link.5452.read.1.tlog
G:\STEP_Materials\C++_Projects\Homeworks\MyTime\Debug\link.5452.write.1.tlog
G:\STEP_Materials\C++_Projects\Homeworks\MyTime\Debug\link.5452-cvtres.read.1.tlog
G:\STEP_Materials\C++_Projects\Homeworks\MyTime\Debug\link.5452-cvtres.write.1.tlog
G:\STEP_Materials\C++_Projects\Homeworks\MyTime\Debug\link.command.1.tlog
G:\STEP_Materials\C++_Projects\Homeworks\MyTime\Debug\link.read.1.tlog
G:\STEP_Materials\C++_Projects\Homeworks\MyTime\Debug\link.write.1.tlog
G:\STEP_Materials\C++_Projects\Homeworks\MyTime\Debug\link-cvtres.read.1.tlog
G:\STEP_Materials\C++_Projects\Homeworks\MyTime\Debug\link-cvtres.write.1.tlog
G:\STEP_MATERIALS\C++_PROJECTS\HOMEWORKS\MYTIME\DEBUG\MAIN.OBJ
G:\STEP_Materials\C++_Projects\Homeworks\MyTime\Debug\mt.command.1.tlog
G:\STEP_Materials\C++_Projects\Homeworks\MyTime\Debug\mt.read.1.tlog
G:\STEP_Materials\C++_Projects\Homeworks\MyTime\Debug\mt.write.1.tlog
G:\STEP_MATERIALS\C++_PROJECTS\HOMEWORKS\MYTIME\DEBUG\MYTIME.EXE.EMBED.MANIFEST
G:\STEP_MATERIALS\C++_PROJECTS\HOMEWORKS\MYTIME\DEBUG\MYTIME.EXE.EMBED.MANIFEST.RES
G:\STEP_MATERIALS\C++_PROJECTS\HOMEWORKS\MYTIME\DEBUG\MYTIME.EXE.INTERMEDIATE.MANIFEST
G:\STEP_Materials\C++_Projects\Homeworks\MyTime\Debug\MyTime_manifest.rc
G:\STEP_Materials\C++_Projects\Homeworks\MyTime\Debug\rc.command.1.tlog
G:\STEP_Materials\C++_Projects\Homeworks\MyTime\Debug\rc.read.1.tlog
G:\STEP_Materials\C++_Projects\Homeworks\MyTime\Debug\rc.write.1.tlog
G:\STEP_MATERIALS\C++_PROJECTS\HOMEWORKS\MYTIME\DEBUG\TIME.OBJ
G:\STEP_Materials\C++_Projects\Homeworks\MyTime\Debug\vc100.idb
G:\STEP_MATERIALS\C++_PROJECTS\HOMEWORKS\MYTIME\DEBUG\VC100.PDB
