G:\STEP_MATERIALS\CS_PROJECTS\WINAPP\DEBUG\DLL-USE.EXE
G:\STEP_MATERIALS\CS_PROJECTS\WINAPP\DEBUG\DLL-USE.ILK
G:\STEP_MATERIALS\CS_PROJECTS\WINAPP\DEBUG\DLL-USE.PDB
G:\STEP_Materials\CS_Projects\WinApp\DLL-Use\Debug\cl.command.1.tlog
G:\STEP_Materials\CS_Projects\WinApp\DLL-Use\Debug\CL.read.1.tlog
G:\STEP_Materials\CS_Projects\WinApp\DLL-Use\Debug\CL.write.1.tlog
G:\STEP_MATERIALS\CS_PROJECTS\WINAPP\DLL-USE\DEBUG\DLL-USE.EXE.EMBED.MANIFEST
G:\STEP_MATERIALS\CS_PROJECTS\WINAPP\DLL-USE\DEBUG\DLL-USE.EXE.EMBED.MANIFEST.RES
G:\STEP_MATERIALS\CS_PROJECTS\WINAPP\DLL-USE\DEBUG\DLL-USE.EXE.INTERMEDIATE.MANIFEST
G:\STEP_Materials\CS_Projects\WinApp\DLL-Use\Debug\DLL-Use.write.1.tlog
G:\STEP_Materials\CS_Projects\WinApp\DLL-Use\Debug\DLL-Use_manifest.rc
G:\STEP_Materials\CS_Projects\WinApp\DLL-Use\Debug\link.2348.read.1.tlog
G:\STEP_Materials\CS_Projects\WinApp\DLL-Use\Debug\link.2348.write.1.tlog
G:\STEP_Materials\CS_Projects\WinApp\DLL-Use\Debug\link.2348-cvtres.read.1.tlog
G:\STEP_Materials\CS_Projects\WinApp\DLL-Use\Debug\link.2348-cvtres.write.1.tlog
G:\STEP_Materials\CS_Projects\WinApp\DLL-Use\Debug\link.5716.read.1.tlog
G:\STEP_Materials\CS_Projects\WinApp\DLL-Use\Debug\link.5716.write.1.tlog
G:\STEP_Materials\CS_Projects\WinApp\DLL-Use\Debug\link.5716-cvtres.read.1.tlog
G:\STEP_Materials\CS_Projects\WinApp\DLL-Use\Debug\link.5716-cvtres.write.1.tlog
G:\STEP_Materials\CS_Projects\WinApp\DLL-Use\Debug\link.708.read.1.tlog
G:\STEP_Materials\CS_Projects\WinApp\DLL-Use\Debug\link.708.write.1.tlog
G:\STEP_Materials\CS_Projects\WinApp\DLL-Use\Debug\link.708-cvtres.read.1.tlog
G:\STEP_Materials\CS_Projects\WinApp\DLL-Use\Debug\link.708-cvtres.write.1.tlog
G:\STEP_Materials\CS_Projects\WinApp\DLL-Use\Debug\link.command.1.tlog
G:\STEP_Materials\CS_Projects\WinApp\DLL-Use\Debug\link.read.1.tlog
G:\STEP_Materials\CS_Projects\WinApp\DLL-Use\Debug\link.write.1.tlog
G:\STEP_Materials\CS_Projects\WinApp\DLL-Use\Debug\link-cvtres.read.1.tlog
G:\STEP_Materials\CS_Projects\WinApp\DLL-Use\Debug\link-cvtres.write.1.tlog
G:\STEP_MATERIALS\CS_PROJECTS\WINAPP\DLL-USE\DEBUG\MAIN.OBJ
G:\STEP_Materials\CS_Projects\WinApp\DLL-Use\Debug\mt.command.1.tlog
G:\STEP_Materials\CS_Projects\WinApp\DLL-Use\Debug\mt.read.1.tlog
G:\STEP_Materials\CS_Projects\WinApp\DLL-Use\Debug\mt.write.1.tlog
G:\STEP_Materials\CS_Projects\WinApp\DLL-Use\Debug\rc.command.1.tlog
G:\STEP_Materials\CS_Projects\WinApp\DLL-Use\Debug\rc.read.1.tlog
G:\STEP_Materials\CS_Projects\WinApp\DLL-Use\Debug\rc.write.1.tlog
G:\STEP_Materials\CS_Projects\WinApp\DLL-Use\Debug\ResolveAssemblyReference.cache
G:\STEP_Materials\CS_Projects\WinApp\DLL-Use\Debug\vc100.idb
G:\STEP_MATERIALS\CS_PROJECTS\WINAPP\DLL-USE\DEBUG\VC100.PDB
