Build started 21.08.2013 20:04:40.
     1>Project "D:\Programming\18.08.2013\18.08.2013\18.08.2013.vcxproj" on node 2 (build target(s)).
     1>InitializeBuildStatus:
         Creating "Debug\18.08.2013.unsuccessfulbuild" because "AlwaysCreate" was specified.
       ClCompile:
         All outputs are up-to-date.
         C:\Program Files (x86)\Microsoft Visual Studio 10.0\VC\bin\CL.exe /c /ZI /nologo /W3 /WX- /Od /Oy- /D WIN32 /D _DEBUG /D _WINDOWS /D _UNICODE /D UNICODE /Gm /EHsc /RTC1 /MDd /GS /fp:precise /Zc:wchar_t /Zc:forScope /Yu"StdAfx.h" /Fp"Debug\18.08.2013.pch" /Fo"Debug\\" /Fd"Debug\vc100.pdb" /Gd /TP /analyze- /errorReport:prompt mcracker.cpp
         mcracker.cpp
       ResourceCompile:
         All outputs are up-to-date.
       ManifestResourceCompile:
         All outputs are up-to-date.
       Link:
         C:\Program Files (x86)\Microsoft Visual Studio 10.0\VC\bin\link.exe /ERRORREPORT:PROMPT /OUT:"D:\Programming\18.08.2013\Debug\18.08.2013.exe" /INCREMENTAL /NOLOGO kernel32.lib user32.lib gdi32.lib winspool.lib comdlg32.lib advapi32.lib shell32.lib ole32.lib oleaut32.lib uuid.lib odbc32.lib odbccp32.lib /MANIFEST /ManifestFile:"Debug\18.08.2013.exe.intermediate.manifest" /MANIFESTUAC:"level='asInvoker' uiAccess='false'" /DEBUG /PDB:"D:\Programming\18.08.2013\Debug\18.08.2013.pdb" /SUBSYSTEM:WINDOWS /TLBID:1 /DYNAMICBASE /NXCOMPAT /IMPLIB:"D:\Programming\18.08.2013\Debug\18.08.2013.lib" /MACHINE:X86 Debug\18.08.2013.res
         Debug\18.08.2013.exe.embed.manifest.res
         Debug\18.08.2013.obj
         Debug\mcracker.obj
         Debug\stdafx.obj
       Manifest:
         C:\Program Files (x86)\Microsoft SDKs\Windows\v7.0A\bin\mt.exe /nologo /verbose /out:"Debug\18.08.2013.exe.embed.manifest" /manifest Debug\18.08.2013.exe.intermediate.manifest
         All outputs are up-to-date.
       LinkEmbedManifest:
         All outputs are up-to-date.
         18.08.2013.vcxproj -> D:\Programming\18.08.2013\Debug\18.08.2013.exe
       FinalizeBuildStatus:
         Deleting file "Debug\18.08.2013.unsuccessfulbuild".
         Touching "Debug\18.08.2013.lastbuildstate".
     1>Done Building Project "D:\Programming\18.08.2013\18.08.2013\18.08.2013.vcxproj" (build target(s)).

Build succeeded.

Time Elapsed 00:00:00.51
