Build started 14.09.2013 22:53:47.
     1>Project "B:\github-repos\cpp-lessons\Zhakhalov\WinApp\WinATLControls\WinATLControls.vcxproj" on node 5 (Build target(s)).
     1>ClCompile:
         C:\Program Files (x86)\Microsoft Visual Studio 11.0\VC\bin\CL.exe /c /ZI /nologo /W3 /WX- /Od /Oy- /D WIN32 /D _DEBUG /D _WINDOWS /D _UNICODE /D UNICODE /Gm /EHsc /RTC1 /MDd /GS /fp:precise /Zc:wchar_t /Zc:forScope /Yc"stdafx.h" /Fp"Debug\WinATLControls.pch" /Fo"Debug\\" /Fd"Debug\vc110.pdb" /Gd /TP /analyze- /errorReport:prompt stdafx.cpp
         stdafx.cpp
         C:\Program Files (x86)\Microsoft Visual Studio 11.0\VC\bin\CL.exe /c /ZI /nologo /W3 /WX- /Od /Oy- /D WIN32 /D _DEBUG /D _WINDOWS /D _UNICODE /D UNICODE /Gm /EHsc /RTC1 /MDd /GS /fp:precise /Zc:wchar_t /Zc:forScope /Yu"stdafx.h" /Fp"Debug\WinATLControls.pch" /Fo"Debug\\" /Fd"Debug\vc110.pdb" /Gd /TP /analyze- /errorReport:prompt DlgOne.cpp WinATLControls.cpp
         WinATLControls.cpp
         DlgOne.cpp
         Generating Code...
       ResourceCompile:
         C:\Program Files (x86)\Windows Kits\8.0\bin\x86\rc.exe /D _UNICODE /D UNICODE /l"0x0409" /nologo /fo"Debug\WinATLControls.res" WinATLControls.rc 
       Link:
         C:\Program Files (x86)\Microsoft Visual Studio 11.0\VC\bin\link.exe /ERRORREPORT:PROMPT /OUT:"B:\github-repos\cpp-lessons\Zhakhalov\WinApp\Debug\WinATLControls.exe" /INCREMENTAL /NOLOGO kernel32.lib user32.lib gdi32.lib winspool.lib comdlg32.lib advapi32.lib shell32.lib ole32.lib oleaut32.lib uuid.lib odbc32.lib odbccp32.lib /MANIFEST /MANIFESTUAC:"level='asInvoker' uiAccess='false'" /manifest:embed /DEBUG /PDB:"B:\github-repos\cpp-lessons\Zhakhalov\WinApp\Debug\WinATLControls.pdb" /SUBSYSTEM:WINDOWS /TLBID:1 /DYNAMICBASE /NXCOMPAT /IMPLIB:"B:\github-repos\cpp-lessons\Zhakhalov\WinApp\Debug\WinATLControls.lib" /MACHINE:X86 Debug\WinATLControls.res
         Debug\DlgOne.obj
         Debug\stdafx.obj
         Debug\WinATLControls.obj
         WinATLControls.vcxproj -> B:\github-repos\cpp-lessons\Zhakhalov\WinApp\Debug\WinATLControls.exe
     1>Done Building Project "B:\github-repos\cpp-lessons\Zhakhalov\WinApp\WinATLControls\WinATLControls.vcxproj" (Build target(s)).

Build succeeded.

Time Elapsed 00:00:03.30
