G:\STEP_MATERIALS\CS_PROJECTS\WINAPP\DEBUG\WINATLCONTROLS.EXE
G:\STEP_MATERIALS\CS_PROJECTS\WINAPP\DEBUG\WINATLCONTROLS.ILK
G:\STEP_MATERIALS\CS_PROJECTS\WINAPP\DEBUG\WINATLCONTROLS.PDB
G:\STEP_Materials\CS_Projects\WinApp\WinATLControls\Debug\cl.command.1.tlog
G:\STEP_Materials\CS_Projects\WinApp\WinATLControls\Debug\CL.read.1.tlog
G:\STEP_Materials\CS_Projects\WinApp\WinATLControls\Debug\CL.write.1.tlog
G:\STEP_MATERIALS\CS_PROJECTS\WINAPP\WINATLCONTROLS\DEBUG\DLGONE.OBJ
G:\STEP_Materials\CS_Projects\WinApp\WinATLControls\Debug\link.1832.read.1.tlog
G:\STEP_Materials\CS_Projects\WinApp\WinATLControls\Debug\link.1832.write.1.tlog
G:\STEP_Materials\CS_Projects\WinApp\WinATLControls\Debug\link.1832-cvtres.read.1.tlog
G:\STEP_Materials\CS_Projects\WinApp\WinATLControls\Debug\link.1832-cvtres.write.1.tlog
G:\STEP_Materials\CS_Projects\WinApp\WinATLControls\Debug\link.4272.read.1.tlog
G:\STEP_Materials\CS_Projects\WinApp\WinATLControls\Debug\link.4272.write.1.tlog
G:\STEP_Materials\CS_Projects\WinApp\WinATLControls\Debug\link.4272-cvtres.read.1.tlog
G:\STEP_Materials\CS_Projects\WinApp\WinATLControls\Debug\link.4272-cvtres.write.1.tlog
G:\STEP_Materials\CS_Projects\WinApp\WinATLControls\Debug\link.6016.read.1.tlog
G:\STEP_Materials\CS_Projects\WinApp\WinATLControls\Debug\link.6016.write.1.tlog
G:\STEP_Materials\CS_Projects\WinApp\WinATLControls\Debug\link.6016-cvtres.read.1.tlog
G:\STEP_Materials\CS_Projects\WinApp\WinATLControls\Debug\link.6016-cvtres.write.1.tlog
G:\STEP_Materials\CS_Projects\WinApp\WinATLControls\Debug\link.6380.read.1.tlog
G:\STEP_Materials\CS_Projects\WinApp\WinATLControls\Debug\link.6380.write.1.tlog
G:\STEP_Materials\CS_Projects\WinApp\WinATLControls\Debug\link.6380-cvtres.read.1.tlog
G:\STEP_Materials\CS_Projects\WinApp\WinATLControls\Debug\link.6380-cvtres.write.1.tlog
G:\STEP_Materials\CS_Projects\WinApp\WinATLControls\Debug\link.6736.read.1.tlog
G:\STEP_Materials\CS_Projects\WinApp\WinATLControls\Debug\link.6736.write.1.tlog
G:\STEP_Materials\CS_Projects\WinApp\WinATLControls\Debug\link.6736-cvtres.read.1.tlog
G:\STEP_Materials\CS_Projects\WinApp\WinATLControls\Debug\link.6736-cvtres.write.1.tlog
G:\STEP_Materials\CS_Projects\WinApp\WinATLControls\Debug\link.command.1.tlog
G:\STEP_Materials\CS_Projects\WinApp\WinATLControls\Debug\link.read.1.tlog
G:\STEP_Materials\CS_Projects\WinApp\WinATLControls\Debug\link.write.1.tlog
G:\STEP_Materials\CS_Projects\WinApp\WinATLControls\Debug\link-cvtres.read.1.tlog
G:\STEP_Materials\CS_Projects\WinApp\WinATLControls\Debug\link-cvtres.write.1.tlog
G:\STEP_Materials\CS_Projects\WinApp\WinATLControls\Debug\mt.command.1.tlog
G:\STEP_Materials\CS_Projects\WinApp\WinATLControls\Debug\mt.read.1.tlog
G:\STEP_Materials\CS_Projects\WinApp\WinATLControls\Debug\mt.write.1.tlog
G:\STEP_Materials\CS_Projects\WinApp\WinATLControls\Debug\rc.command.1.tlog
G:\STEP_Materials\CS_Projects\WinApp\WinATLControls\Debug\rc.read.1.tlog
G:\STEP_Materials\CS_Projects\WinApp\WinATLControls\Debug\rc.write.1.tlog
G:\STEP_MATERIALS\CS_PROJECTS\WINAPP\WINATLCONTROLS\DEBUG\STDAFX.OBJ
G:\STEP_Materials\CS_Projects\WinApp\WinATLControls\Debug\vc100.idb
G:\STEP_MATERIALS\CS_PROJECTS\WINAPP\WINATLCONTROLS\DEBUG\VC100.PDB
G:\STEP_MATERIALS\CS_PROJECTS\WINAPP\WINATLCONTROLS\DEBUG\WINATLCONTROLS.EXE.EMBED.MANIFEST
G:\STEP_MATERIALS\CS_PROJECTS\WINAPP\WINATLCONTROLS\DEBUG\WINATLCONTROLS.EXE.EMBED.MANIFEST.RES
G:\STEP_MATERIALS\CS_PROJECTS\WINAPP\WINATLCONTROLS\DEBUG\WINATLCONTROLS.EXE.INTERMEDIATE.MANIFEST
G:\STEP_MATERIALS\CS_PROJECTS\WINAPP\WINATLCONTROLS\DEBUG\WINATLCONTROLS.OBJ
G:\STEP_MATERIALS\CS_PROJECTS\WINAPP\WINATLCONTROLS\DEBUG\WINATLCONTROLS.PCH
G:\STEP_MATERIALS\CS_PROJECTS\WINAPP\WINATLCONTROLS\DEBUG\WINATLCONTROLS.RES
G:\STEP_Materials\CS_Projects\WinApp\WinATLControls\Debug\WinATLControls_manifest.rc
