G:\STEP_MATERIALS\C++_PROJECTS\HOMEWORKS\DEBUG\LINKEDLIST.EXE
G:\STEP_MATERIALS\C++_PROJECTS\HOMEWORKS\DEBUG\LINKEDLIST.ILK
G:\STEP_MATERIALS\C++_PROJECTS\HOMEWORKS\DEBUG\LINKEDLIST.PDB
G:\STEP_Materials\C++_Projects\Homeworks\LinkedList\Debug\cl.command.1.tlog
G:\STEP_Materials\C++_Projects\Homeworks\LinkedList\Debug\CL.read.1.tlog
G:\STEP_Materials\C++_Projects\Homeworks\LinkedList\Debug\CL.write.1.tlog
G:\STEP_Materials\C++_Projects\Homeworks\LinkedList\Debug\link.6064.read.1.tlog
G:\STEP_Materials\C++_Projects\Homeworks\LinkedList\Debug\link.6064.write.1.tlog
G:\STEP_Materials\C++_Projects\Homeworks\LinkedList\Debug\link.6064-cvtres.read.1.tlog
G:\STEP_Materials\C++_Projects\Homeworks\LinkedList\Debug\link.6064-cvtres.write.1.tlog
G:\STEP_Materials\C++_Projects\Homeworks\LinkedList\Debug\link.command.1.tlog
G:\STEP_Materials\C++_Projects\Homeworks\LinkedList\Debug\link.read.1.tlog
G:\STEP_Materials\C++_Projects\Homeworks\LinkedList\Debug\link.write.1.tlog
G:\STEP_Materials\C++_Projects\Homeworks\LinkedList\Debug\link-cvtres.read.1.tlog
G:\STEP_Materials\C++_Projects\Homeworks\LinkedList\Debug\link-cvtres.write.1.tlog
G:\STEP_MATERIALS\C++_PROJECTS\HOMEWORKS\LINKEDLIST\DEBUG\LINKEDLIST.EXE.EMBED.MANIFEST
G:\STEP_MATERIALS\C++_PROJECTS\HOMEWORKS\LINKEDLIST\DEBUG\LINKEDLIST.EXE.EMBED.MANIFEST.RES
G:\STEP_MATERIALS\C++_PROJECTS\HOMEWORKS\LINKEDLIST\DEBUG\LINKEDLIST.EXE.INTERMEDIATE.MANIFEST
G:\STEP_MATERIALS\C++_PROJECTS\HOMEWORKS\LINKEDLIST\DEBUG\LINKEDLIST.OBJ
G:\STEP_Materials\C++_Projects\Homeworks\LinkedList\Debug\LinkedList_manifest.rc
G:\STEP_MATERIALS\C++_PROJECTS\HOMEWORKS\LINKEDLIST\DEBUG\LISTITEM.OBJ
G:\STEP_MATERIALS\C++_PROJECTS\HOMEWORKS\LINKEDLIST\DEBUG\MAIN.OBJ
G:\STEP_Materials\C++_Projects\Homeworks\LinkedList\Debug\mt.command.1.tlog
G:\STEP_Materials\C++_Projects\Homeworks\LinkedList\Debug\mt.read.1.tlog
G:\STEP_Materials\C++_Projects\Homeworks\LinkedList\Debug\mt.write.1.tlog
G:\STEP_MATERIALS\C++_PROJECTS\HOMEWORKS\LINKEDLIST\DEBUG\POINT.OBJ
G:\STEP_Materials\C++_Projects\Homeworks\LinkedList\Debug\rc.command.1.tlog
G:\STEP_Materials\C++_Projects\Homeworks\LinkedList\Debug\rc.read.1.tlog
G:\STEP_Materials\C++_Projects\Homeworks\LinkedList\Debug\rc.write.1.tlog
G:\STEP_MATERIALS\C++_PROJECTS\HOMEWORKS\LINKEDLIST\DEBUG\STACKFIFO.OBJ
G:\STEP_MATERIALS\C++_PROJECTS\HOMEWORKS\LINKEDLIST\DEBUG\STACKLIFO.OBJ
G:\STEP_Materials\C++_Projects\Homeworks\LinkedList\Debug\vc100.idb
G:\STEP_MATERIALS\C++_PROJECTS\HOMEWORKS\LINKEDLIST\DEBUG\VC100.PDB
