G:\STEP_MATERIALS\C++_PROJECTS\HOMEWORKS\DEBUG\HOMEWORKS.EXE
G:\STEP_MATERIALS\C++_PROJECTS\HOMEWORKS\DEBUG\HOMEWORKS.ILK
G:\STEP_MATERIALS\C++_PROJECTS\HOMEWORKS\DEBUG\HOMEWORKS.PDB
G:\STEP_Materials\C++_Projects\Homeworks\Homeworks\Debug\cl.command.1.tlog
G:\STEP_Materials\C++_Projects\Homeworks\Homeworks\Debug\CL.read.1.tlog
G:\STEP_Materials\C++_Projects\Homeworks\Homeworks\Debug\CL.write.1.tlog
G:\STEP_MATERIALS\C++_PROJECTS\HOMEWORKS\HOMEWORKS\DEBUG\HOMEWORKS.EXE.EMBED.MANIFEST
G:\STEP_MATERIALS\C++_PROJECTS\HOMEWORKS\HOMEWORKS\DEBUG\HOMEWORKS.EXE.EMBED.MANIFEST.RES
G:\STEP_MATERIALS\C++_PROJECTS\HOMEWORKS\HOMEWORKS\DEBUG\HOMEWORKS.EXE.INTERMEDIATE.MANIFEST
G:\STEP_Materials\C++_Projects\Homeworks\Homeworks\Debug\Homeworks_manifest.rc
G:\STEP_Materials\C++_Projects\Homeworks\Homeworks\Debug\link.8544.read.1.tlog
G:\STEP_Materials\C++_Projects\Homeworks\Homeworks\Debug\link.8544.write.1.tlog
G:\STEP_Materials\C++_Projects\Homeworks\Homeworks\Debug\link.8544-cvtres.read.1.tlog
G:\STEP_Materials\C++_Projects\Homeworks\Homeworks\Debug\link.8544-cvtres.write.1.tlog
G:\STEP_Materials\C++_Projects\Homeworks\Homeworks\Debug\link.command.1.tlog
G:\STEP_Materials\C++_Projects\Homeworks\Homeworks\Debug\link.read.1.tlog
G:\STEP_Materials\C++_Projects\Homeworks\Homeworks\Debug\link.write.1.tlog
G:\STEP_Materials\C++_Projects\Homeworks\Homeworks\Debug\link-cvtres.read.1.tlog
G:\STEP_Materials\C++_Projects\Homeworks\Homeworks\Debug\link-cvtres.write.1.tlog
G:\STEP_MATERIALS\C++_PROJECTS\HOMEWORKS\HOMEWORKS\DEBUG\MAIN.OBJ
G:\STEP_Materials\C++_Projects\Homeworks\Homeworks\Debug\mt.command.1.tlog
G:\STEP_Materials\C++_Projects\Homeworks\Homeworks\Debug\mt.read.1.tlog
G:\STEP_Materials\C++_Projects\Homeworks\Homeworks\Debug\mt.write.1.tlog
G:\STEP_Materials\C++_Projects\Homeworks\Homeworks\Debug\rc.command.1.tlog
G:\STEP_Materials\C++_Projects\Homeworks\Homeworks\Debug\rc.read.1.tlog
G:\STEP_Materials\C++_Projects\Homeworks\Homeworks\Debug\rc.write.1.tlog
G:\STEP_Materials\C++_Projects\Homeworks\Homeworks\Debug\vc100.idb
G:\STEP_MATERIALS\C++_PROJECTS\HOMEWORKS\HOMEWORKS\DEBUG\VC100.PDB
