G:\STEP_MATERIALS\CS_PROJECTS\WINAPP\DEBUG\WINAPP.EXE
G:\STEP_MATERIALS\CS_PROJECTS\WINAPP\DEBUG\WINAPP.ILK
G:\STEP_MATERIALS\CS_PROJECTS\WINAPP\DEBUG\WINAPP.PDB
G:\STEP_Materials\CS_Projects\WinApp\WinApp\Debug\cl.command.1.tlog
G:\STEP_Materials\CS_Projects\WinApp\WinApp\Debug\CL.read.1.tlog
G:\STEP_Materials\CS_Projects\WinApp\WinApp\Debug\CL.write.1.tlog
G:\STEP_Materials\CS_Projects\WinApp\WinApp\Debug\link.command.1.tlog
G:\STEP_Materials\CS_Projects\WinApp\WinApp\Debug\link.read.1.tlog
G:\STEP_Materials\CS_Projects\WinApp\WinApp\Debug\link.write.1.tlog
G:\STEP_Materials\CS_Projects\WinApp\WinApp\Debug\link-cvtres.read.1.tlog
G:\STEP_Materials\CS_Projects\WinApp\WinApp\Debug\link-cvtres.write.1.tlog
G:\STEP_Materials\CS_Projects\WinApp\WinApp\Debug\mt.command.1.tlog
G:\STEP_Materials\CS_Projects\WinApp\WinApp\Debug\mt.read.1.tlog
G:\STEP_Materials\CS_Projects\WinApp\WinApp\Debug\mt.write.1.tlog
G:\STEP_Materials\CS_Projects\WinApp\WinApp\Debug\rc.command.1.tlog
G:\STEP_Materials\CS_Projects\WinApp\WinApp\Debug\rc.read.1.tlog
G:\STEP_Materials\CS_Projects\WinApp\WinApp\Debug\rc.write.1.tlog
G:\STEP_MATERIALS\CS_PROJECTS\WINAPP\WINAPP\DEBUG\STDAFX.OBJ
G:\STEP_Materials\CS_Projects\WinApp\WinApp\Debug\vc100.idb
G:\STEP_MATERIALS\CS_PROJECTS\WINAPP\WINAPP\DEBUG\VC100.PDB
G:\STEP_MATERIALS\CS_PROJECTS\WINAPP\WINAPP\DEBUG\WINAPP.EXE.EMBED.MANIFEST
G:\STEP_MATERIALS\CS_PROJECTS\WINAPP\WINAPP\DEBUG\WINAPP.EXE.EMBED.MANIFEST.RES
G:\STEP_MATERIALS\CS_PROJECTS\WINAPP\WINAPP\DEBUG\WINAPP.EXE.INTERMEDIATE.MANIFEST
G:\STEP_MATERIALS\CS_PROJECTS\WINAPP\WINAPP\DEBUG\WINAPP.OBJ
G:\STEP_MATERIALS\CS_PROJECTS\WINAPP\WINAPP\DEBUG\WINAPP.PCH
G:\STEP_MATERIALS\CS_PROJECTS\WINAPP\WINAPP\DEBUG\WINAPP.RES
G:\STEP_Materials\CS_Projects\WinApp\WinApp\Debug\WinApp.vcxprojResolveAssemblyReference.cache
G:\STEP_Materials\CS_Projects\WinApp\WinApp\Debug\WinApp.write.1.tlog
G:\STEP_Materials\CS_Projects\WinApp\WinApp\Debug\WinApp_manifest.rc
