G:\STEP_MATERIALS\CS_PROJECTS\WINAPP\DEBUG\WINMESSAGECRACKERS.EXE
G:\STEP_MATERIALS\CS_PROJECTS\WINAPP\DEBUG\WINMESSAGECRACKERS.ILK
G:\STEP_MATERIALS\CS_PROJECTS\WINAPP\DEBUG\WINMESSAGECRACKERS.PDB
G:\STEP_Materials\CS_Projects\WinApp\WinMessageCrackers\Debug\cl.command.1.tlog
G:\STEP_Materials\CS_Projects\WinApp\WinMessageCrackers\Debug\CL.read.1.tlog
G:\STEP_Materials\CS_Projects\WinApp\WinMessageCrackers\Debug\CL.write.1.tlog
G:\STEP_Materials\CS_Projects\WinApp\WinMessageCrackers\Debug\link.command.1.tlog
G:\STEP_Materials\CS_Projects\WinApp\WinMessageCrackers\Debug\link.read.1.tlog
G:\STEP_Materials\CS_Projects\WinApp\WinMessageCrackers\Debug\link.write.1.tlog
G:\STEP_Materials\CS_Projects\WinApp\WinMessageCrackers\Debug\link-cvtres.read.1.tlog
G:\STEP_Materials\CS_Projects\WinApp\WinMessageCrackers\Debug\link-cvtres.write.1.tlog
G:\STEP_MATERIALS\CS_PROJECTS\WINAPP\WINMESSAGECRACKERS\DEBUG\MESSAGECRACKERS.OBJ
G:\STEP_Materials\CS_Projects\WinApp\WinMessageCrackers\Debug\mt.command.1.tlog
G:\STEP_Materials\CS_Projects\WinApp\WinMessageCrackers\Debug\mt.read.1.tlog
G:\STEP_Materials\CS_Projects\WinApp\WinMessageCrackers\Debug\mt.write.1.tlog
G:\STEP_Materials\CS_Projects\WinApp\WinMessageCrackers\Debug\rc.command.1.tlog
G:\STEP_Materials\CS_Projects\WinApp\WinMessageCrackers\Debug\rc.read.1.tlog
G:\STEP_Materials\CS_Projects\WinApp\WinMessageCrackers\Debug\rc.write.1.tlog
G:\STEP_MATERIALS\CS_PROJECTS\WINAPP\WINMESSAGECRACKERS\DEBUG\STDAFX.OBJ
G:\STEP_Materials\CS_Projects\WinApp\WinMessageCrackers\Debug\vc100.idb
G:\STEP_MATERIALS\CS_PROJECTS\WINAPP\WINMESSAGECRACKERS\DEBUG\VC100.PDB
G:\STEP_MATERIALS\CS_PROJECTS\WINAPP\WINMESSAGECRACKERS\DEBUG\WINMESSAGECRACKERS.EXE.EMBED.MANIFEST
G:\STEP_MATERIALS\CS_PROJECTS\WINAPP\WINMESSAGECRACKERS\DEBUG\WINMESSAGECRACKERS.EXE.EMBED.MANIFEST.RES
G:\STEP_MATERIALS\CS_PROJECTS\WINAPP\WINMESSAGECRACKERS\DEBUG\WINMESSAGECRACKERS.EXE.INTERMEDIATE.MANIFEST
G:\STEP_MATERIALS\CS_PROJECTS\WINAPP\WINMESSAGECRACKERS\DEBUG\WINMESSAGECRACKERS.OBJ
G:\STEP_MATERIALS\CS_PROJECTS\WINAPP\WINMESSAGECRACKERS\DEBUG\WINMESSAGECRACKERS.PCH
G:\STEP_MATERIALS\CS_PROJECTS\WINAPP\WINMESSAGECRACKERS\DEBUG\WINMESSAGECRACKERS.RES
G:\STEP_Materials\CS_Projects\WinApp\WinMessageCrackers\Debug\WinMessageCrackers_manifest.rc
