G:\STEP_MATERIALS\CS_PROJECTS\WINAPP\DEBUG\MULTITHREADING.EXE
G:\STEP_MATERIALS\CS_PROJECTS\WINAPP\DEBUG\MULTITHREADING.ILK
G:\STEP_MATERIALS\CS_PROJECTS\WINAPP\DEBUG\MULTITHREADING.PDB
G:\STEP_Materials\CS_Projects\WinApp\Multithreading\Debug\cl.command.1.tlog
G:\STEP_Materials\CS_Projects\WinApp\Multithreading\Debug\CL.read.1.tlog
G:\STEP_Materials\CS_Projects\WinApp\Multithreading\Debug\CL.write.1.tlog
G:\STEP_Materials\CS_Projects\WinApp\Multithreading\Debug\link.2320.read.1.tlog
G:\STEP_Materials\CS_Projects\WinApp\Multithreading\Debug\link.2320.write.1.tlog
G:\STEP_Materials\CS_Projects\WinApp\Multithreading\Debug\link.2320-cvtres.read.1.tlog
G:\STEP_Materials\CS_Projects\WinApp\Multithreading\Debug\link.2320-cvtres.write.1.tlog
G:\STEP_Materials\CS_Projects\WinApp\Multithreading\Debug\link.command.1.tlog
G:\STEP_Materials\CS_Projects\WinApp\Multithreading\Debug\link.read.1.tlog
G:\STEP_Materials\CS_Projects\WinApp\Multithreading\Debug\link.write.1.tlog
G:\STEP_Materials\CS_Projects\WinApp\Multithreading\Debug\link-cvtres.read.1.tlog
G:\STEP_Materials\CS_Projects\WinApp\Multithreading\Debug\link-cvtres.write.1.tlog
G:\STEP_MATERIALS\CS_PROJECTS\WINAPP\MULTITHREADING\DEBUG\MAIN.OBJ
G:\STEP_Materials\CS_Projects\WinApp\Multithreading\Debug\mt.command.1.tlog
G:\STEP_Materials\CS_Projects\WinApp\Multithreading\Debug\mt.read.1.tlog
G:\STEP_Materials\CS_Projects\WinApp\Multithreading\Debug\mt.write.1.tlog
G:\STEP_MATERIALS\CS_PROJECTS\WINAPP\MULTITHREADING\DEBUG\MULTITHREADING.EXE.EMBED.MANIFEST
G:\STEP_MATERIALS\CS_PROJECTS\WINAPP\MULTITHREADING\DEBUG\MULTITHREADING.EXE.EMBED.MANIFEST.RES
G:\STEP_MATERIALS\CS_PROJECTS\WINAPP\MULTITHREADING\DEBUG\MULTITHREADING.EXE.INTERMEDIATE.MANIFEST
G:\STEP_Materials\CS_Projects\WinApp\Multithreading\Debug\Multithreading_manifest.rc
G:\STEP_Materials\CS_Projects\WinApp\Multithreading\Debug\rc.command.1.tlog
G:\STEP_Materials\CS_Projects\WinApp\Multithreading\Debug\rc.read.1.tlog
G:\STEP_Materials\CS_Projects\WinApp\Multithreading\Debug\rc.write.1.tlog
G:\STEP_Materials\CS_Projects\WinApp\Multithreading\Debug\vc100.idb
G:\STEP_MATERIALS\CS_PROJECTS\WINAPP\MULTITHREADING\DEBUG\VC100.PDB
