G:\STEP_MATERIALS\CS_PROJECTS\WINAPP\DEBUG\DLL-DEMO.DLL
G:\STEP_Materials\CS_Projects\WinApp\Debug\DLL-Demo.exp
G:\STEP_MATERIALS\CS_PROJECTS\WINAPP\DEBUG\DLL-DEMO.ILK
G:\STEP_Materials\CS_Projects\WinApp\Debug\DLL-Demo.lib
G:\STEP_MATERIALS\CS_PROJECTS\WINAPP\DEBUG\DLL-DEMO.PDB
G:\STEP_Materials\CS_Projects\WinApp\DLL-Demo\Debug\cl.command.1.tlog
G:\STEP_Materials\CS_Projects\WinApp\DLL-Demo\Debug\CL.read.1.tlog
G:\STEP_Materials\CS_Projects\WinApp\DLL-Demo\Debug\CL.write.1.tlog
G:\STEP_MATERIALS\CS_PROJECTS\WINAPP\DLL-DEMO\DEBUG\DLL-DEMO.DLL.EMBED.MANIFEST
G:\STEP_MATERIALS\CS_PROJECTS\WINAPP\DLL-DEMO\DEBUG\DLL-DEMO.DLL.EMBED.MANIFEST.RES
G:\STEP_MATERIALS\CS_PROJECTS\WINAPP\DLL-DEMO\DEBUG\DLL-DEMO.DLL.INTERMEDIATE.MANIFEST
G:\STEP_MATERIALS\CS_PROJECTS\WINAPP\DLL-DEMO\DEBUG\DLL-DEMO.OBJ
G:\STEP_MATERIALS\CS_PROJECTS\WINAPP\DLL-DEMO\DEBUG\DLL-DEMO.PCH
G:\STEP_Materials\CS_Projects\WinApp\DLL-Demo\Debug\DLL-Demo.write.1.tlog
G:\STEP_Materials\CS_Projects\WinApp\DLL-Demo\Debug\DLL-Demo_manifest.rc
G:\STEP_MATERIALS\CS_PROJECTS\WINAPP\DLL-DEMO\DEBUG\DLLMAIN.OBJ
G:\STEP_Materials\CS_Projects\WinApp\DLL-Demo\Debug\link.5524.read.1.tlog
G:\STEP_Materials\CS_Projects\WinApp\DLL-Demo\Debug\link.5524.write.1.tlog
G:\STEP_Materials\CS_Projects\WinApp\DLL-Demo\Debug\link.5524-cvtres.read.1.tlog
G:\STEP_Materials\CS_Projects\WinApp\DLL-Demo\Debug\link.5524-cvtres.write.1.tlog
G:\STEP_Materials\CS_Projects\WinApp\DLL-Demo\Debug\link.command.1.tlog
G:\STEP_Materials\CS_Projects\WinApp\DLL-Demo\Debug\link.read.1.tlog
G:\STEP_Materials\CS_Projects\WinApp\DLL-Demo\Debug\link.write.1.tlog
G:\STEP_Materials\CS_Projects\WinApp\DLL-Demo\Debug\link-cvtres.read.1.tlog
G:\STEP_Materials\CS_Projects\WinApp\DLL-Demo\Debug\link-cvtres.write.1.tlog
G:\STEP_MATERIALS\CS_PROJECTS\WINAPP\DLL-DEMO\DEBUG\MATHFUNCDLL.OBJ
G:\STEP_Materials\CS_Projects\WinApp\DLL-Demo\Debug\mt.command.1.tlog
G:\STEP_Materials\CS_Projects\WinApp\DLL-Demo\Debug\mt.read.1.tlog
G:\STEP_Materials\CS_Projects\WinApp\DLL-Demo\Debug\mt.write.1.tlog
G:\STEP_Materials\CS_Projects\WinApp\DLL-Demo\Debug\rc.command.1.tlog
G:\STEP_Materials\CS_Projects\WinApp\DLL-Demo\Debug\rc.read.1.tlog
G:\STEP_Materials\CS_Projects\WinApp\DLL-Demo\Debug\rc.write.1.tlog
G:\STEP_MATERIALS\CS_PROJECTS\WINAPP\DLL-DEMO\DEBUG\STDAFX.OBJ
G:\STEP_Materials\CS_Projects\WinApp\DLL-Demo\Debug\vc100.idb
G:\STEP_MATERIALS\CS_PROJECTS\WINAPP\DLL-DEMO\DEBUG\VC100.PDB
