Build started 14.09.2013 22:53:46.
     1>Project "B:\github-repos\cpp-lessons\Zhakhalov\WinApp\DLL-Demo\DLL-Demo.vcxproj" on node 2 (Build target(s)).
     1>ClCompile:
         C:\Program Files (x86)\Microsoft Visual Studio 11.0\VC\bin\CL.exe /c /ZI /nologo /W3 /WX- /Od /Oy- /D WIN32 /D _DEBUG /D _WINDOWS /D _USRDLL /D DLLDEMO_EXPORTS /D _WINDLL /D _UNICODE /D UNICODE /Gm /EHsc /RTC1 /MDd /GS /fp:precise /Zc:wchar_t /Zc:forScope /Yc"stdafx.h" /Fp"Debug\DLL-Demo.pch" /Fo"Debug\\" /Fd"Debug\vc110.pdb" /Gd /TP /analyze- /errorReport:prompt stdafx.cpp
         stdafx.cpp
         C:\Program Files (x86)\Microsoft Visual Studio 11.0\VC\bin\CL.exe /c /ZI /nologo /W3 /WX- /Od /Oy- /D WIN32 /D _DEBUG /D _WINDOWS /D _USRDLL /D DLLDEMO_EXPORTS /D _WINDLL /D _UNICODE /D UNICODE /Gm /EHsc /RTC1 /MDd /GS /fp:precise /Zc:wchar_t /Zc:forScope /Yu"stdafx.h" /Fp"Debug\DLL-Demo.pch" /Fo"Debug\\" /Fd"Debug\vc110.pdb" /Gd /TP /analyze- /errorReport:prompt "DLL-Demo.cpp" MathFuncDLL.cpp
         MathFuncDLL.cpp
     1>b:\github-repos\cpp-lessons\zhakhalov\winapp\dll-demo\mathfuncdll.cpp(10): warning C4273: 'MathFuncs::MyMathFuncs::Add' : inconsistent dll linkage
                 b:\github-repos\cpp-lessons\zhakhalov\winapp\dll-demo\mathfuncdll.h(16) : see previous definition of 'Add'
     1>b:\github-repos\cpp-lessons\zhakhalov\winapp\dll-demo\mathfuncdll.cpp(15): warning C4273: 'MathFuncs::MyMathFuncs::Subtract' : inconsistent dll linkage
                 b:\github-repos\cpp-lessons\zhakhalov\winapp\dll-demo\mathfuncdll.h(19) : see previous definition of 'Subtract'
     1>b:\github-repos\cpp-lessons\zhakhalov\winapp\dll-demo\mathfuncdll.cpp(20): warning C4273: 'MathFuncs::MyMathFuncs::Multiply' : inconsistent dll linkage
                 b:\github-repos\cpp-lessons\zhakhalov\winapp\dll-demo\mathfuncdll.h(22) : see previous definition of 'Multiply'
     1>b:\github-repos\cpp-lessons\zhakhalov\winapp\dll-demo\mathfuncdll.cpp(25): warning C4273: 'MathFuncs::MyMathFuncs::Divide' : inconsistent dll linkage
                 b:\github-repos\cpp-lessons\zhakhalov\winapp\dll-demo\mathfuncdll.h(26) : see previous definition of 'Divide'
         DLL-Demo.cpp
         Generating Code...
         C:\Program Files (x86)\Microsoft Visual Studio 11.0\VC\bin\CL.exe /c /ZI /nologo /W3 /WX- /Od /Oy- /D WIN32 /D _DEBUG /D _WINDOWS /D _USRDLL /D DLLDEMO_EXPORTS /D _WINDLL /D _UNICODE /D UNICODE /Gm /EHsc /RTC1 /MDd /GS /fp:precise /Zc:wchar_t /Zc:forScope /Fo"Debug\\" /Fd"Debug\vc110.pdb" /Gd /TP /analyze- /errorReport:prompt dllmain.cpp
         dllmain.cpp
       Link:
         C:\Program Files (x86)\Microsoft Visual Studio 11.0\VC\bin\link.exe /ERRORREPORT:PROMPT /OUT:"B:\github-repos\cpp-lessons\Zhakhalov\WinApp\Debug\DLL-Demo.dll" /INCREMENTAL /NOLOGO kernel32.lib user32.lib gdi32.lib winspool.lib comdlg32.lib advapi32.lib shell32.lib ole32.lib oleaut32.lib uuid.lib odbc32.lib odbccp32.lib /MANIFEST /MANIFESTUAC:"level='asInvoker' uiAccess='false'" /manifest:embed /DEBUG /PDB:"B:\github-repos\cpp-lessons\Zhakhalov\WinApp\Debug\DLL-Demo.pdb" /SUBSYSTEM:WINDOWS /TLBID:1 /DYNAMICBASE /NXCOMPAT /IMPLIB:"B:\github-repos\cpp-lessons\Zhakhalov\WinApp\Debug\DLL-Demo.lib" /MACHINE:X86 /DLL "Debug\DLL-Demo.obj"
         Debug\dllmain.obj
         Debug\MathFuncDLL.obj
         Debug\stdafx.obj
            Creating library B:\github-repos\cpp-lessons\Zhakhalov\WinApp\Debug\DLL-Demo.lib and object B:\github-repos\cpp-lessons\Zhakhalov\WinApp\Debug\DLL-Demo.exp
         DLL-Demo.vcxproj -> B:\github-repos\cpp-lessons\Zhakhalov\WinApp\Debug\DLL-Demo.dll
     1>Done Building Project "B:\github-repos\cpp-lessons\Zhakhalov\WinApp\DLL-Demo\DLL-Demo.vcxproj" (Build target(s)).

Build succeeded.

Time Elapsed 00:00:03.16
