G:\STEP_MATERIALS\C++_PROJECTS\HOMEWORKS\DEBUG\SMARTPOINTER.EXE
G:\STEP_MATERIALS\C++_PROJECTS\HOMEWORKS\DEBUG\SMARTPOINTER.ILK
G:\STEP_MATERIALS\C++_PROJECTS\HOMEWORKS\DEBUG\SMARTPOINTER.PDB
G:\STEP_Materials\C++_Projects\Homeworks\SmartPointer\Debug\cl.command.1.tlog
G:\STEP_Materials\C++_Projects\Homeworks\SmartPointer\Debug\CL.read.1.tlog
G:\STEP_Materials\C++_Projects\Homeworks\SmartPointer\Debug\CL.write.1.tlog
G:\STEP_Materials\C++_Projects\Homeworks\SmartPointer\Debug\link.6876.read.1.tlog
G:\STEP_Materials\C++_Projects\Homeworks\SmartPointer\Debug\link.6876.write.1.tlog
G:\STEP_Materials\C++_Projects\Homeworks\SmartPointer\Debug\link.6876-cvtres.read.1.tlog
G:\STEP_Materials\C++_Projects\Homeworks\SmartPointer\Debug\link.6876-cvtres.write.1.tlog
G:\STEP_Materials\C++_Projects\Homeworks\SmartPointer\Debug\link.command.1.tlog
G:\STEP_Materials\C++_Projects\Homeworks\SmartPointer\Debug\link.read.1.tlog
G:\STEP_Materials\C++_Projects\Homeworks\SmartPointer\Debug\link.write.1.tlog
G:\STEP_Materials\C++_Projects\Homeworks\SmartPointer\Debug\link-cvtres.read.1.tlog
G:\STEP_Materials\C++_Projects\Homeworks\SmartPointer\Debug\link-cvtres.write.1.tlog
G:\STEP_MATERIALS\C++_PROJECTS\HOMEWORKS\SMARTPOINTER\DEBUG\MAIN.OBJ
G:\STEP_Materials\C++_Projects\Homeworks\SmartPointer\Debug\mt.command.1.tlog
G:\STEP_Materials\C++_Projects\Homeworks\SmartPointer\Debug\mt.read.1.tlog
G:\STEP_Materials\C++_Projects\Homeworks\SmartPointer\Debug\mt.write.1.tlog
G:\STEP_Materials\C++_Projects\Homeworks\SmartPointer\Debug\rc.command.1.tlog
G:\STEP_Materials\C++_Projects\Homeworks\SmartPointer\Debug\rc.read.1.tlog
G:\STEP_Materials\C++_Projects\Homeworks\SmartPointer\Debug\rc.write.1.tlog
G:\STEP_MATERIALS\C++_PROJECTS\HOMEWORKS\SMARTPOINTER\DEBUG\SMARTPOINTER.EXE.EMBED.MANIFEST
G:\STEP_MATERIALS\C++_PROJECTS\HOMEWORKS\SMARTPOINTER\DEBUG\SMARTPOINTER.EXE.EMBED.MANIFEST.RES
G:\STEP_MATERIALS\C++_PROJECTS\HOMEWORKS\SMARTPOINTER\DEBUG\SMARTPOINTER.EXE.INTERMEDIATE.MANIFEST
G:\STEP_Materials\C++_Projects\Homeworks\SmartPointer\Debug\SmartPointer_manifest.rc
G:\STEP_Materials\C++_Projects\Homeworks\SmartPointer\Debug\vc100.idb
G:\STEP_MATERIALS\C++_PROJECTS\HOMEWORKS\SMARTPOINTER\DEBUG\VC100.PDB
